<?xml version="1.0" encoding="UTF-8"?>
<testng-results skipped="0" failed="0" total="1" passed="1">
  <reporter-output>
  </reporter-output>
  <suite name="Suite" duration-ms="62737" started-at="2019-01-31T03:30:18Z" finished-at="2019-01-31T03:31:21Z">
    <groups>
    </groups>
    <test name="Test" duration-ms="62737" started-at="2019-01-31T03:30:18Z" finished-at="2019-01-31T03:31:21Z">
      <class name="cucuPractise.Daily">
        <test-method status="PASS" signature="beforeTest()[pri:0, instance:cucuPractise.Daily@3bd550]" name="beforeTest" is-config="true" duration-ms="6784" started-at="2019-01-31T09:00:18Z" finished-at="2019-01-31T09:00:25Z">
          <reporter-output>
          </reporter-output>
        </test-method> <!-- beforeTest -->
        <test-method status="PASS" signature="f()[pri:0, instance:cucuPractise.Daily@3bd550]" name="f" duration-ms="55206" started-at="2019-01-31T09:00:25Z" finished-at="2019-01-31T09:01:20Z">
          <reporter-output>
          </reporter-output>
        </test-method> <!-- f -->
        <test-method status="PASS" signature="afterTest()[pri:0, instance:cucuPractise.Daily@3bd550]" name="afterTest" is-config="true" duration-ms="736" started-at="2019-01-31T09:01:20Z" finished-at="2019-01-31T09:01:21Z">
          <reporter-output>
          </reporter-output>
        </test-method> <!-- afterTest -->
      </class> <!-- cucuPractise.Daily -->
    </test> <!-- Test -->
  </suite> <!-- Suite -->
</testng-results>
