<?xml version="1.0" encoding="UTF-8"?>
<testng-results skipped="0" failed="0" ignored="0" total="1" passed="1">
  <reporter-output>
  </reporter-output>
  <suite name="Default suite" duration-ms="51361" started-at="2018-09-10T12:40:30Z" finished-at="2018-09-10T12:41:21Z">
    <groups>
    </groups>
    <test name="Default test" duration-ms="51361" started-at="2018-09-10T12:40:30Z" finished-at="2018-09-10T12:41:21Z">
      <class name="cucuPractise.Daily">
        <test-method status="PASS" signature="beforeTest()[pri:0, instance:cucuPractise.Daily@2bd765]" name="beforeTest" is-config="true" duration-ms="2523" started-at="2018-09-10T12:40:30Z" finished-at="2018-09-10T12:40:33Z">
          <reporter-output>
          </reporter-output>
        </test-method> <!-- beforeTest -->
        <test-method status="PASS" signature="f()[pri:0, instance:cucuPractise.Daily@2bd765]" name="f" duration-ms="47653" started-at="2018-09-10T12:40:33Z" finished-at="2018-09-10T12:41:20Z">
          <reporter-output>
          </reporter-output>
        </test-method> <!-- f -->
        <test-method status="PASS" signature="afterTest()[pri:0, instance:cucuPractise.Daily@2bd765]" name="afterTest" is-config="true" duration-ms="1170" started-at="2018-09-10T12:41:20Z" finished-at="2018-09-10T12:41:21Z">
          <reporter-output>
          </reporter-output>
        </test-method> <!-- afterTest -->
      </class> <!-- cucuPractise.Daily -->
    </test> <!-- Default test -->
  </suite> <!-- Default suite -->
</testng-results>
